2025-06-03 13:28:08,130 - INFO - 회귀분석 시작
2025-06-03 13:28:08,135 - INFO - 
===== PM25 회귀분석 시작 =====
2025-06-03 13:28:08,136 - INFO - 데이터 로드 시작
2025-06-03 13:28:08,236 - INFO - PM_KR 데이터: (2860, 17), PM_CN 데이터: (2917, 5)
2025-06-03 13:28:08,237 - INFO - 기상 데이터: (46720, 6), 마스터 데이터: (256, 15)
2025-06-03 13:28:08,238 - INFO - PM 데이터 정리 시작: (2860, 17)
2025-06-03 13:28:10,528 - INFO - PM2.5 결측치 비율: 3.29%, PM10 결측치 비율: 1.42%
2025-06-03 13:28:10,533 - INFO - PM 데이터 정리 시작: (2917, 5)
2025-06-03 13:28:11,066 - INFO - PM2.5 결측치 비율: 1.49%, PM10 결측치 비율: 1.95%
2025-06-03 13:28:11,070 - INFO - 시계열 보간 시작
2025-06-03 13:28:11,142 - INFO - 시계열 보간 완료: (45760, 4)
2025-06-03 13:28:11,143 - INFO - 시계열 보간 시작
2025-06-03 13:28:11,159 - INFO - 시계열 보간 완료: (11668, 4)
2025-06-03 13:28:11,162 - INFO - 중국 시차 특성 생성 시작
2025-06-03 13:28:11,183 - INFO - 중국 시차 특성 생성 완료: (2917, 48)
2025-06-03 13:28:11,186 - INFO - 마스터 데이터 처리 시작
2025-06-03 13:28:40,083 - INFO - 회귀분석 시작
2025-06-03 13:28:40,085 - INFO - 
===== PM25 회귀분석 시작 =====
2025-06-03 13:28:40,086 - INFO - 데이터 로드 시작
2025-06-03 13:28:40,182 - INFO - PM_KR 데이터: (2860, 17), PM_CN 데이터: (2917, 5)
2025-06-03 13:28:40,183 - INFO - 기상 데이터: (46720, 6), 마스터 데이터: (256, 15)
2025-06-03 13:28:40,184 - INFO - PM 데이터 정리 시작: (2860, 17)
2025-06-03 13:28:42,473 - INFO - PM2.5 결측치 비율: 3.29%, PM10 결측치 비율: 1.42%
2025-06-03 13:28:42,476 - INFO - PM 데이터 정리 시작: (2917, 5)
2025-06-03 13:28:42,996 - INFO - PM2.5 결측치 비율: 1.49%, PM10 결측치 비율: 1.95%
2025-06-03 13:28:42,998 - INFO - 시계열 보간 시작
2025-06-03 13:28:43,064 - INFO - 시계열 보간 완료: (45760, 4)
2025-06-03 13:28:43,065 - INFO - 시계열 보간 시작
2025-06-03 13:28:43,083 - INFO - 시계열 보간 완료: (11668, 4)
2025-06-03 13:28:43,084 - INFO - 중국 시차 특성 생성 시작
2025-06-03 13:28:43,100 - INFO - 중국 시차 특성 생성 완료: (2917, 48)
2025-06-03 13:28:43,102 - INFO - 마스터 데이터 처리 시작
2025-06-03 13:28:43,302 - INFO - 마스터 데이터 처리 완료: PM10=(46752, 12), PM2.5=(46752, 12)
2025-06-03 13:28:43,302 - INFO - PM2.5 데이터셋 병합 시작
2025-06-03 13:28:43,367 - INFO - PM2.5 데이터셋 병합 완료: (45760, 66)
2025-06-03 13:28:43,368 - INFO - 특성 엔지니어링 시작
2025-06-03 13:28:43,439 - INFO - 특성 엔지니어링 완료: (45760, 97)
2025-06-03 13:28:43,442 - INFO - pm25 특성 선택 시작
2025-06-03 13:28:43,458 - INFO - pm25 특성 선택 완료: X=(45760, 69), y=(45760,)
2025-06-03 13:28:43,460 - INFO - pm25 결측치 없는 타겟 행: 44,618
2025-06-03 13:28:43,460 - INFO - 하이퍼파라미터 최적화 시작
2025-06-03 13:30:39,089 - INFO - 최적 하이퍼파라미터: {'subsample': 1.0, 'reg_lambda': 0.1, 'reg_alpha': 0.1, 'num_leaves': 31, 'n_estimators': 500, 'min_child_samples': 5, 'learning_rate': 0.05, 'colsample_bytree': 0.8}
2025-06-03 13:30:39,090 - INFO - 최적 RMSE: 19.0638
2025-06-03 13:30:39,092 - INFO - pm25 모델 학습 및 평가 시작
2025-06-03 13:30:39,094 - INFO - 교차 검증 1/5 시작
